0 info it worked if it ends with ok
1 verbose cli [ 'C:\\Program Files\\nodejs\\node.exe',
1 verbose cli   'C:\\Program Files\\nodejs\\node_modules\\npm\\bin\\npm-cli.js',
1 verbose cli   'install' ]
2 info using npm@2.14.4
3 info using node@v4.1.1
4 verbose readDependencies loading dependencies from C:\Users\Minimasci\My Documents\school 2015 fall\Advanced Web\Repositories\IMpersonal\incident_management\package.json
5 verbose install where, deps [ 'C:\\Users\\Minimasci\\My Documents\\school 2015 fall\\Advanced Web\\Repositories\\IMpersonal\\incident_management',
5 verbose install   [ 'bcrypt',
5 verbose install     'body-parser',
5 verbose install     'connect-flash',
5 verbose install     'cookie-parser',
5 verbose install     'debug',
5 verbose install     'ejs',
5 verbose install     'express',
5 verbose install     'express-session',
5 verbose install     'mongoose',
5 verbose install     'morgan',
5 verbose install     'nodemon',
5 verbose install     'passport',
5 verbose install     'passport-local',
5 verbose install     'serve-favicon' ] ]
6 verbose install where, peers [ 'C:\\Users\\Minimasci\\My Documents\\school 2015 fall\\Advanced Web\\Repositories\\IMpersonal\\incident_management',
6 verbose install   [] ]
7 verbose installManyTop reading for lifecycle C:\Users\Minimasci\My Documents\school 2015 fall\Advanced Web\Repositories\IMpersonal\incident_management\package.json
8 info preinstall Repositories@0.0.0
9 verbose installManyTop reading scoped package data from C:\Users\Minimasci\My Documents\school 2015 fall\Advanced Web\Repositories\IMpersonal\incident_management\node_modules\body-parser\package.json
10 verbose installManyTop reading scoped package data from C:\Users\Minimasci\My Documents\school 2015 fall\Advanced Web\Repositories\IMpersonal\incident_management\node_modules\connect-flash\package.json
11 verbose installManyTop reading scoped package data from C:\Users\Minimasci\My Documents\school 2015 fall\Advanced Web\Repositories\IMpersonal\incident_management\node_modules\cookie-parser\package.json
12 verbose installManyTop reading scoped package data from C:\Users\Minimasci\My Documents\school 2015 fall\Advanced Web\Repositories\IMpersonal\incident_management\node_modules\debug\package.json
13 verbose installManyTop reading scoped package data from C:\Users\Minimasci\My Documents\school 2015 fall\Advanced Web\Repositories\IMpersonal\incident_management\node_modules\ejs\package.json
14 verbose installManyTop reading scoped package data from C:\Users\Minimasci\My Documents\school 2015 fall\Advanced Web\Repositories\IMpersonal\incident_management\node_modules\express\package.json
15 verbose installManyTop reading scoped package data from C:\Users\Minimasci\My Documents\school 2015 fall\Advanced Web\Repositories\IMpersonal\incident_management\node_modules\express-session\package.json
16 verbose installManyTop reading scoped package data from C:\Users\Minimasci\My Documents\school 2015 fall\Advanced Web\Repositories\IMpersonal\incident_management\node_modules\mongoose\package.json
17 verbose installManyTop reading scoped package data from C:\Users\Minimasci\My Documents\school 2015 fall\Advanced Web\Repositories\IMpersonal\incident_management\node_modules\morgan\package.json
18 verbose installManyTop reading scoped package data from C:\Users\Minimasci\My Documents\school 2015 fall\Advanced Web\Repositories\IMpersonal\incident_management\node_modules\nodemon\package.json
19 verbose installManyTop reading scoped package data from C:\Users\Minimasci\My Documents\school 2015 fall\Advanced Web\Repositories\IMpersonal\incident_management\node_modules\passport\package.json
20 verbose installManyTop reading scoped package data from C:\Users\Minimasci\My Documents\school 2015 fall\Advanced Web\Repositories\IMpersonal\incident_management\node_modules\passport-local\package.json
21 verbose installManyTop reading scoped package data from C:\Users\Minimasci\My Documents\school 2015 fall\Advanced Web\Repositories\IMpersonal\incident_management\node_modules\serve-favicon\package.json
22 info package.json connect-flash@0.1.1 No license field.
23 info package.json passport-local@1.0.0 No license field.
24 verbose readDependencies loading dependencies from C:\Users\Minimasci\My Documents\school 2015 fall\Advanced Web\Repositories\IMpersonal\incident_management\package.json
25 verbose targetResolver reading package data from C:\Users\Minimasci\My Documents\school 2015 fall\Advanced Web\Repositories\IMpersonal\incident_management\node_modules\body-parser\package.json
26 verbose targetResolver reading package data from C:\Users\Minimasci\My Documents\school 2015 fall\Advanced Web\Repositories\IMpersonal\incident_management\node_modules\connect-flash\package.json
27 verbose targetResolver reading package data from C:\Users\Minimasci\My Documents\school 2015 fall\Advanced Web\Repositories\IMpersonal\incident_management\node_modules\cookie-parser\package.json
28 verbose targetResolver reading package data from C:\Users\Minimasci\My Documents\school 2015 fall\Advanced Web\Repositories\IMpersonal\incident_management\node_modules\debug\package.json
29 verbose targetResolver reading package data from C:\Users\Minimasci\My Documents\school 2015 fall\Advanced Web\Repositories\IMpersonal\incident_management\node_modules\ejs\package.json
30 verbose targetResolver reading package data from C:\Users\Minimasci\My Documents\school 2015 fall\Advanced Web\Repositories\IMpersonal\incident_management\node_modules\express\package.json
31 verbose targetResolver reading package data from C:\Users\Minimasci\My Documents\school 2015 fall\Advanced Web\Repositories\IMpersonal\incident_management\node_modules\express-session\package.json
32 verbose targetResolver reading package data from C:\Users\Minimasci\My Documents\school 2015 fall\Advanced Web\Repositories\IMpersonal\incident_management\node_modules\mongoose\package.json
33 verbose targetResolver reading package data from C:\Users\Minimasci\My Documents\school 2015 fall\Advanced Web\Repositories\IMpersonal\incident_management\node_modules\morgan\package.json
34 verbose targetResolver reading package data from C:\Users\Minimasci\My Documents\school 2015 fall\Advanced Web\Repositories\IMpersonal\incident_management\node_modules\nodemon\package.json
35 verbose targetResolver reading package data from C:\Users\Minimasci\My Documents\school 2015 fall\Advanced Web\Repositories\IMpersonal\incident_management\node_modules\passport\package.json
36 verbose targetResolver reading package data from C:\Users\Minimasci\My Documents\school 2015 fall\Advanced Web\Repositories\IMpersonal\incident_management\node_modules\passport-local\package.json
37 verbose targetResolver reading package data from C:\Users\Minimasci\My Documents\school 2015 fall\Advanced Web\Repositories\IMpersonal\incident_management\node_modules\serve-favicon\package.json
38 verbose targetResolver reading package data from C:\Users\Minimasci\My Documents\school 2015 fall\Advanced Web\Repositories\IMpersonal\incident_management\node_modules\.bin\nodemon\package.json
39 verbose targetResolver reading package data from C:\Users\Minimasci\My Documents\school 2015 fall\Advanced Web\Repositories\IMpersonal\incident_management\node_modules\.bin\nodemon.cmd\package.json
40 verbose already installed skipping ejs@~2.3.3 C:\Users\Minimasci\My Documents\school 2015 fall\Advanced Web\Repositories\IMpersonal\incident_management
41 verbose already installed skipping express@~4.13.1 C:\Users\Minimasci\My Documents\school 2015 fall\Advanced Web\Repositories\IMpersonal\incident_management
42 verbose already installed skipping express-session@^1.12.1 C:\Users\Minimasci\My Documents\school 2015 fall\Advanced Web\Repositories\IMpersonal\incident_management
43 verbose already installed skipping mongoose@^4.2.7 C:\Users\Minimasci\My Documents\school 2015 fall\Advanced Web\Repositories\IMpersonal\incident_management
44 verbose already installed skipping morgan@~1.6.1 C:\Users\Minimasci\My Documents\school 2015 fall\Advanced Web\Repositories\IMpersonal\incident_management
45 verbose already installed skipping nodemon@^1.8.1 C:\Users\Minimasci\My Documents\school 2015 fall\Advanced Web\Repositories\IMpersonal\incident_management
46 verbose already installed skipping passport@^0.3.2 C:\Users\Minimasci\My Documents\school 2015 fall\Advanced Web\Repositories\IMpersonal\incident_management
47 verbose already installed skipping passport-local@^1.0.0 C:\Users\Minimasci\My Documents\school 2015 fall\Advanced Web\Repositories\IMpersonal\incident_management
48 verbose already installed skipping serve-favicon@~2.3.0 C:\Users\Minimasci\My Documents\school 2015 fall\Advanced Web\Repositories\IMpersonal\incident_management
49 silly cache add args [ 'bcrypt@~0.8.5', null ]
50 verbose cache add spec bcrypt@~0.8.5
51 silly cache add parsed spec Result {
51 silly cache add   raw: 'bcrypt@~0.8.5',
51 silly cache add   scope: null,
51 silly cache add   name: 'bcrypt',
51 silly cache add   rawSpec: '~0.8.5',
51 silly cache add   spec: '>=0.8.5 <0.9.0',
51 silly cache add   type: 'range' }
52 silly addNamed bcrypt@>=0.8.5 <0.9.0
53 verbose addNamed ">=0.8.5 <0.9.0" is a valid semver range for bcrypt
54 silly addNameRange { name: 'bcrypt', range: '>=0.8.5 <0.9.0', hasData: false }
55 silly mapToRegistry name bcrypt
56 silly mapToRegistry using default registry
57 silly mapToRegistry registry https://registry.npmjs.org/
58 silly mapToRegistry uri https://registry.npmjs.org/bcrypt
59 verbose addNameRange registry:https://registry.npmjs.org/bcrypt not in flight; fetching
60 verbose already installed skipping body-parser@~1.13.2 C:\Users\Minimasci\My Documents\school 2015 fall\Advanced Web\Repositories\IMpersonal\incident_management
61 verbose already installed skipping connect-flash@^0.1.1 C:\Users\Minimasci\My Documents\school 2015 fall\Advanced Web\Repositories\IMpersonal\incident_management
62 verbose already installed skipping cookie-parser@~1.3.5 C:\Users\Minimasci\My Documents\school 2015 fall\Advanced Web\Repositories\IMpersonal\incident_management
63 verbose already installed skipping debug@~2.2.0 C:\Users\Minimasci\My Documents\school 2015 fall\Advanced Web\Repositories\IMpersonal\incident_management
64 verbose request uri https://registry.npmjs.org/bcrypt
65 verbose request no auth needed
66 info attempt registry request try #1 at 12:58:39 PM
67 verbose request id cae96e2c48da0f52
68 verbose etag "5ZSPSFARH5LGJQY52MI9NDF5M"
69 http request GET https://registry.npmjs.org/bcrypt
70 http 304 https://registry.npmjs.org/bcrypt
71 silly get cb [ 304,
71 silly get   { date: 'Mon, 30 Nov 2015 17:58:40 GMT',
71 silly get     via: '1.1 varnish',
71 silly get     'cache-control': 'max-age=60',
71 silly get     etag: '"5ZSPSFARH5LGJQY52MI9NDF5M"',
71 silly get     age: '48',
71 silly get     connection: 'keep-alive',
71 silly get     'x-served-by': 'cache-jfk1020-JFK',
71 silly get     'x-cache': 'HIT',
71 silly get     'x-cache-hits': '1',
71 silly get     'x-timer': 'S1448906320.300840,VS0,VE1',
71 silly get     vary: 'Accept' } ]
72 verbose etag https://registry.npmjs.org/bcrypt from cache
73 verbose get saving bcrypt to C:\Users\Minimasci\AppData\Roaming\npm-cache\registry.npmjs.org\bcrypt\.cache.json
74 silly addNameRange number 2 { name: 'bcrypt', range: '>=0.8.5 <0.9.0', hasData: true }
75 silly addNameRange versions [ 'bcrypt',
75 silly addNameRange   [ '0.1.2',
75 silly addNameRange     '0.2.0',
75 silly addNameRange     '0.2.1',
75 silly addNameRange     '0.1.3',
75 silly addNameRange     '0.2.2',
75 silly addNameRange     '0.2.3',
75 silly addNameRange     '0.2.4',
75 silly addNameRange     '0.3.0',
75 silly addNameRange     '0.3.1',
75 silly addNameRange     '0.3.2',
75 silly addNameRange     '0.4.0',
75 silly addNameRange     '0.4.1',
75 silly addNameRange     '0.5.0',
75 silly addNameRange     '0.6.0',
75 silly addNameRange     '0.7.0',
75 silly addNameRange     '0.7.1',
75 silly addNameRange     '0.7.2',
75 silly addNameRange     '0.7.3',
75 silly addNameRange     '0.7.4',
75 silly addNameRange     '0.7.5',
75 silly addNameRange     '0.7.6',
75 silly addNameRange     '0.7.7',
75 silly addNameRange     '0.7.8',
75 silly addNameRange     '0.8.0',
75 silly addNameRange     '0.8.1',
75 silly addNameRange     '0.8.2',
75 silly addNameRange     '0.8.3',
75 silly addNameRange     '0.8.4',
75 silly addNameRange     '0.8.5' ] ]
76 silly addNamed bcrypt@0.8.5
77 verbose addNamed "0.8.5" is a plain semver version for bcrypt
78 silly cache afterAdd bcrypt@0.8.5
79 verbose afterAdd C:\Users\Minimasci\AppData\Roaming\npm-cache\bcrypt\0.8.5\package\package.json not in flight; writing
80 verbose afterAdd C:\Users\Minimasci\AppData\Roaming\npm-cache\bcrypt\0.8.5\package\package.json written
81 silly install resolved [ { name: 'bcrypt',
81 silly install resolved     description: 'A bcrypt library for NodeJS.',
81 silly install resolved     keywords:
81 silly install resolved      [ 'bcrypt',
81 silly install resolved        'password',
81 silly install resolved        'auth',
81 silly install resolved        'authentication',
81 silly install resolved        'encryption',
81 silly install resolved        'crypt',
81 silly install resolved        'crypto' ],
81 silly install resolved     main: './bcrypt',
81 silly install resolved     version: '0.8.5',
81 silly install resolved     author: { name: 'Nick Campbell', url: 'https://github.com/ncb000gt' },
81 silly install resolved     engines: { node: '>= 0.6.0' },
81 silly install resolved     repository:
81 silly install resolved      { type: 'git',
81 silly install resolved        url: 'git+https://github.com/ncb000gt/node.bcrypt.js.git' },
81 silly install resolved     license: 'MIT',
81 silly install resolved     bugs: { url: 'https://github.com/ncb000gt/node.bcrypt.js/issues' },
81 silly install resolved     scripts:
81 silly install resolved      { test: 'node-gyp configure build && nodeunit test',
81 silly install resolved        install: 'node-gyp rebuild' },
81 silly install resolved     dependencies: { bindings: '1.2.1', nan: '2.0.5' },
81 silly install resolved     devDependencies: { nodeunit: '~0.9.1' },
81 silly install resolved     contributors:
81 silly install resolved      [ [Object],
81 silly install resolved        [Object],
81 silly install resolved        [Object],
81 silly install resolved        [Object],
81 silly install resolved        [Object],
81 silly install resolved        [Object],
81 silly install resolved        [Object],
81 silly install resolved        [Object],
81 silly install resolved        [Object],
81 silly install resolved        [Object],
81 silly install resolved        [Object],
81 silly install resolved        [Object],
81 silly install resolved        [Object],
81 silly install resolved        [Object] ],
81 silly install resolved     gypfile: true,
81 silly install resolved     gitHead: '5d97708f06754d7d7989c67ba867002d10013615',
81 silly install resolved     homepage: 'https://github.com/ncb000gt/node.bcrypt.js#readme',
81 silly install resolved     _id: 'bcrypt@0.8.5',
81 silly install resolved     _shasum: '8e5b81b4db80e944f440005979ca8d58a961861d',
81 silly install resolved     _from: 'bcrypt@>=0.8.5 <0.9.0',
81 silly install resolved     _npmVersion: '2.13.3',
81 silly install resolved     _nodeVersion: '3.0.0',
81 silly install resolved     _npmUser: { name: 'defunctzombie', email: 'shtylman@gmail.com' },
81 silly install resolved     dist:
81 silly install resolved      { shasum: '8e5b81b4db80e944f440005979ca8d58a961861d',
81 silly install resolved        tarball: 'http://registry.npmjs.org/bcrypt/-/bcrypt-0.8.5.tgz' },
81 silly install resolved     maintainers: [ [Object], [Object], [Object], [Object] ],
81 silly install resolved     directories: {},
81 silly install resolved     _resolved: 'https://registry.npmjs.org/bcrypt/-/bcrypt-0.8.5.tgz',
81 silly install resolved     readme: 'ERROR: No README data found!' } ]
82 info install bcrypt@0.8.5 into C:\Users\Minimasci\My Documents\school 2015 fall\Advanced Web\Repositories\IMpersonal\incident_management
83 info installOne bcrypt@0.8.5
84 verbose installOne of bcrypt to C:\Users\Minimasci\My Documents\school 2015 fall\Advanced Web\Repositories\IMpersonal\incident_management not in flight; installing
85 verbose lock using C:\Users\Minimasci\AppData\Roaming\npm-cache\_locks\bcrypt-097a264f2b597c60.lock for C:\Users\Minimasci\My Documents\school 2015 fall\Advanced Web\Repositories\IMpersonal\incident_management\node_modules\bcrypt
86 silly install write writing bcrypt 0.8.5 to C:\Users\Minimasci\My Documents\school 2015 fall\Advanced Web\Repositories\IMpersonal\incident_management\node_modules\bcrypt
87 verbose unbuild node_modules\bcrypt
88 silly gentlyRm C:\Users\Minimasci\My Documents\school 2015 fall\Advanced Web\Repositories\IMpersonal\incident_management\node_modules\bcrypt is being purged from base C:\Users\Minimasci\My Documents\school 2015 fall\Advanced Web\Repositories\IMpersonal\incident_management
89 verbose gentlyRm don't care about contents; nuking C:\Users\Minimasci\My Documents\school 2015 fall\Advanced Web\Repositories\IMpersonal\incident_management\node_modules\bcrypt
90 verbose tar unpack C:\Users\Minimasci\AppData\Roaming\npm-cache\bcrypt\0.8.5\package.tgz
91 verbose tar unpacking to C:\Users\Minimasci\My Documents\school 2015 fall\Advanced Web\Repositories\IMpersonal\incident_management\node_modules\bcrypt
92 silly gentlyRm C:\Users\Minimasci\My Documents\school 2015 fall\Advanced Web\Repositories\IMpersonal\incident_management\node_modules\bcrypt is being purged
93 verbose gentlyRm don't care about contents; nuking C:\Users\Minimasci\My Documents\school 2015 fall\Advanced Web\Repositories\IMpersonal\incident_management\node_modules\bcrypt
94 silly gunzTarPerm modes [ '777', '666' ]
95 silly gunzTarPerm extractEntry package.json
96 silly gunzTarPerm modified mode [ 'package.json', 420, 438 ]
97 silly gunzTarPerm extractEntry .npmignore
98 silly gunzTarPerm modified mode [ '.npmignore', 420, 438 ]
99 silly gunzTarPerm extractEntry README.md
100 silly gunzTarPerm modified mode [ 'README.md', 420, 438 ]
101 silly gunzTarPerm extractEntry LICENSE
102 silly gunzTarPerm modified mode [ 'LICENSE', 420, 438 ]
103 silly gunzTarPerm extractEntry bcrypt.js
104 silly gunzTarPerm modified mode [ 'bcrypt.js', 420, 438 ]
105 silly gunzTarPerm extractEntry binding.gyp
106 silly gunzTarPerm modified mode [ 'binding.gyp', 420, 438 ]
107 silly gunzTarPerm extractEntry .travis.yml
108 silly gunzTarPerm modified mode [ '.travis.yml', 420, 438 ]
109 silly gunzTarPerm extractEntry CHANGELOG.md
110 silly gunzTarPerm modified mode [ 'CHANGELOG.md', 420, 438 ]
111 silly gunzTarPerm extractEntry examples/async_compare.js
112 silly gunzTarPerm modified mode [ 'examples/async_compare.js', 420, 438 ]
113 silly gunzTarPerm extractEntry examples/forever_gen_salt.js
114 silly gunzTarPerm modified mode [ 'examples/forever_gen_salt.js', 420, 438 ]
115 silly gunzTarPerm extractEntry test/async.js
116 silly gunzTarPerm modified mode [ 'test/async.js', 420, 438 ]
117 silly gunzTarPerm extractEntry test/repetitions.js
118 silly gunzTarPerm modified mode [ 'test/repetitions.js', 420, 438 ]
119 silly gunzTarPerm extractEntry test/sync.js
120 silly gunzTarPerm modified mode [ 'test/sync.js', 420, 438 ]
121 silly gunzTarPerm extractEntry Makefile
122 silly gunzTarPerm modified mode [ 'Makefile', 420, 438 ]
123 silly gunzTarPerm extractEntry src/bcrypt.cc
124 silly gunzTarPerm modified mode [ 'src/bcrypt.cc', 420, 438 ]
125 silly gunzTarPerm extractEntry src/bcrypt_node.cc
126 silly gunzTarPerm modified mode [ 'src/bcrypt_node.cc', 420, 438 ]
127 silly gunzTarPerm extractEntry src/blowfish.cc
128 silly gunzTarPerm modified mode [ 'src/blowfish.cc', 420, 438 ]
129 silly gunzTarPerm extractEntry src/node_blf.h
130 silly gunzTarPerm modified mode [ 'src/node_blf.h', 420, 438 ]
131 silly gunzTarPerm extractEntry werker.yml
132 silly gunzTarPerm modified mode [ 'werker.yml', 420, 438 ]
133 verbose write writing to C:\Users\Minimasci\My Documents\school 2015 fall\Advanced Web\Repositories\IMpersonal\incident_management\node_modules\bcrypt\package.json
134 info preinstall bcrypt@0.8.5
135 verbose readDependencies loading dependencies from C:\Users\Minimasci\My Documents\school 2015 fall\Advanced Web\Repositories\IMpersonal\incident_management\node_modules\bcrypt\package.json
136 silly prepareForInstallMany adding bindings@1.2.1 from bcrypt dependencies
137 silly prepareForInstallMany adding nan@2.0.5 from bcrypt dependencies
138 verbose readDependencies loading dependencies from C:\Users\Minimasci\My Documents\school 2015 fall\Advanced Web\Repositories\IMpersonal\incident_management\node_modules\bcrypt\package.json
139 silly cache add args [ 'bindings@1.2.1', null ]
140 verbose cache add spec bindings@1.2.1
141 silly cache add args [ 'nan@2.0.5', null ]
142 verbose cache add spec nan@2.0.5
143 silly cache add parsed spec Result {
143 silly cache add   raw: 'bindings@1.2.1',
143 silly cache add   scope: null,
143 silly cache add   name: 'bindings',
143 silly cache add   rawSpec: '1.2.1',
143 silly cache add   spec: '1.2.1',
143 silly cache add   type: 'version' }
144 silly addNamed bindings@1.2.1
145 verbose addNamed "1.2.1" is a plain semver version for bindings
146 silly mapToRegistry name bindings
147 silly mapToRegistry using default registry
148 silly mapToRegistry registry https://registry.npmjs.org/
149 silly mapToRegistry uri https://registry.npmjs.org/bindings
150 verbose addNameVersion registry:https://registry.npmjs.org/bindings not in flight; fetching
151 silly cache add parsed spec Result {
151 silly cache add   raw: 'nan@2.0.5',
151 silly cache add   scope: null,
151 silly cache add   name: 'nan',
151 silly cache add   rawSpec: '2.0.5',
151 silly cache add   spec: '2.0.5',
151 silly cache add   type: 'version' }
152 silly addNamed nan@2.0.5
153 verbose addNamed "2.0.5" is a plain semver version for nan
154 silly mapToRegistry name nan
155 silly mapToRegistry using default registry
156 silly mapToRegistry registry https://registry.npmjs.org/
157 silly mapToRegistry uri https://registry.npmjs.org/nan
158 verbose addNameVersion registry:https://registry.npmjs.org/nan not in flight; fetching
159 verbose request uri https://registry.npmjs.org/bindings
160 verbose request no auth needed
161 info attempt registry request try #1 at 12:58:40 PM
162 verbose etag "2RXG5K4RRQWEOOFOAOOKVPOZR"
163 http request GET https://registry.npmjs.org/bindings
164 verbose request uri https://registry.npmjs.org/nan
165 verbose request no auth needed
166 info attempt registry request try #1 at 12:58:40 PM
167 verbose etag "7CEDVJA24M9BXRU7SU6WRSW4M"
168 http request GET https://registry.npmjs.org/nan
169 http 304 https://registry.npmjs.org/bindings
170 silly get cb [ 304,
170 silly get   { date: 'Mon, 30 Nov 2015 17:58:40 GMT',
170 silly get     via: '1.1 varnish',
170 silly get     'cache-control': 'max-age=60',
170 silly get     etag: '"2RXG5K4RRQWEOOFOAOOKVPOZR"',
170 silly get     age: '52',
170 silly get     connection: 'keep-alive',
170 silly get     'x-served-by': 'cache-jfk1026-JFK',
170 silly get     'x-cache': 'HIT',
170 silly get     'x-cache-hits': '1',
170 silly get     'x-timer': 'S1448906320.870254,VS0,VE0',
170 silly get     vary: 'Accept' } ]
171 verbose etag https://registry.npmjs.org/bindings from cache
172 verbose get saving bindings to C:\Users\Minimasci\AppData\Roaming\npm-cache\registry.npmjs.org\bindings\.cache.json
173 http 304 https://registry.npmjs.org/nan
174 silly get cb [ 304,
174 silly get   { date: 'Mon, 30 Nov 2015 17:58:40 GMT',
174 silly get     via: '1.1 varnish',
174 silly get     'cache-control': 'max-age=60',
174 silly get     etag: '"7CEDVJA24M9BXRU7SU6WRSW4M"',
174 silly get     age: '31',
174 silly get     connection: 'keep-alive',
174 silly get     'x-served-by': 'cache-jfk1022-JFK',
174 silly get     'x-cache': 'HIT',
174 silly get     'x-cache-hits': '1',
174 silly get     'x-timer': 'S1448906320.876215,VS0,VE1',
174 silly get     vary: 'Accept' } ]
175 verbose etag https://registry.npmjs.org/nan from cache
176 verbose get saving nan to C:\Users\Minimasci\AppData\Roaming\npm-cache\registry.npmjs.org\nan\.cache.json
177 silly cache afterAdd bindings@1.2.1
178 verbose afterAdd C:\Users\Minimasci\AppData\Roaming\npm-cache\bindings\1.2.1\package\package.json not in flight; writing
179 verbose afterAdd C:\Users\Minimasci\AppData\Roaming\npm-cache\bindings\1.2.1\package\package.json written
180 silly cache afterAdd nan@2.0.5
181 verbose afterAdd C:\Users\Minimasci\AppData\Roaming\npm-cache\nan\2.0.5\package\package.json not in flight; writing
182 verbose afterAdd C:\Users\Minimasci\AppData\Roaming\npm-cache\nan\2.0.5\package\package.json written
183 silly install resolved [ { name: 'bindings',
183 silly install resolved     description: 'Helper module for loading your native module\'s .node file',
183 silly install resolved     keywords: [ 'native', 'addon', 'bindings', 'gyp', 'waf', 'c', 'c++' ],
183 silly install resolved     version: '1.2.1',
183 silly install resolved     author:
183 silly install resolved      { name: 'Nathan Rajlich',
183 silly install resolved        email: 'nathan@tootallnate.net',
183 silly install resolved        url: 'http://tootallnate.net' },
183 silly install resolved     repository:
183 silly install resolved      { type: 'git',
183 silly install resolved        url: 'git://github.com/TooTallNate/node-bindings.git' },
183 silly install resolved     main: './bindings.js',
183 silly install resolved     bugs: { url: 'https://github.com/TooTallNate/node-bindings/issues' },
183 silly install resolved     homepage: 'https://github.com/TooTallNate/node-bindings',
183 silly install resolved     license: 'MIT',
183 silly install resolved     gitHead: 'e404152ee27f8478ccbc7122ee051246e8e5ec02',
183 silly install resolved     _id: 'bindings@1.2.1',
183 silly install resolved     scripts: {},
183 silly install resolved     _shasum: '14ad6113812d2d37d72e67b4cacb4bb726505f11',
183 silly install resolved     _from: 'bindings@1.2.1',
183 silly install resolved     _npmVersion: '1.4.14',
183 silly install resolved     _npmUser: { name: 'tootallnate', email: 'nathan@tootallnate.net' },
183 silly install resolved     maintainers: [ [Object], [Object] ],
183 silly install resolved     dist:
183 silly install resolved      { shasum: '14ad6113812d2d37d72e67b4cacb4bb726505f11',
183 silly install resolved        tarball: 'http://registry.npmjs.org/bindings/-/bindings-1.2.1.tgz' },
183 silly install resolved     directories: {},
183 silly install resolved     _resolved: 'https://registry.npmjs.org/bindings/-/bindings-1.2.1.tgz',
183 silly install resolved     readme: 'ERROR: No README data found!' },
183 silly install resolved   { name: 'nan',
183 silly install resolved     version: '2.0.5',
183 silly install resolved     description: 'Native Abstractions for Node.js: C++ header for Node 0.8->0.12 compatibility',
183 silly install resolved     main: 'include_dirs.js',
183 silly install resolved     repository: { type: 'git', url: 'git://github.com/nodejs/nan.git' },
183 silly install resolved     scripts:
183 silly install resolved      { test: 'tap --gc test/js/*-test.js',
183 silly install resolved        'rebuild-tests': 'pangyp rebuild --msvs_version=2013 --directory test',
183 silly install resolved        docs: 'doc/.build.sh' },
183 silly install resolved     contributors:
183 silly install resolved      [ [Object],
183 silly install resolved        [Object],
183 silly install resolved        [Object],
183 silly install resolved        [Object],
183 silly install resolved        [Object],
183 silly install resolved        [Object],
183 silly install resolved        [Object] ],
183 silly install resolved     devDependencies:
183 silly install resolved      { bindings: '~1.2.1',
183 silly install resolved        'node-gyp': '~2.0.2',
183 silly install resolved        pangyp: '~2.2.0',
183 silly install resolved        tap: '~0.7.1',
183 silly install resolved        xtend: '~4.0.0' },
183 silly install resolved     license: 'MIT',
183 silly install resolved     gitHead: 'd13a2e9ce762fd130877b53c71d35963fa2cf689',
183 silly install resolved     bugs: { url: 'https://github.com/nodejs/nan/issues' },
183 silly install resolved     homepage: 'https://github.com/nodejs/nan#readme',
183 silly install resolved     _id: 'nan@2.0.5',
183 silly install resolved     _shasum: '365888014be1fd178db0cbfa258edf7b0cb1c408',
183 silly install resolved     _from: 'nan@2.0.5',
183 silly install resolved     _npmVersion: '2.13.3',
183 silly install resolved     _nodeVersion: '3.0.0',
183 silly install resolved     _npmUser: { name: 'kkoopa', email: 'bbyholm@abo.fi' },
183 silly install resolved     maintainers: [ [Object], [Object] ],
183 silly install resolved     dist:
183 silly install resolved      { shasum: '365888014be1fd178db0cbfa258edf7b0cb1c408',
183 silly install resolved        tarball: 'http://registry.npmjs.org/nan/-/nan-2.0.5.tgz' },
183 silly install resolved     directories: {},
183 silly install resolved     _resolved: 'https://registry.npmjs.org/nan/-/nan-2.0.5.tgz',
183 silly install resolved     readme: 'ERROR: No README data found!' } ]
184 info install bindings@1.2.1 into C:\Users\Minimasci\My Documents\school 2015 fall\Advanced Web\Repositories\IMpersonal\incident_management\node_modules\bcrypt
185 info install nan@2.0.5 into C:\Users\Minimasci\My Documents\school 2015 fall\Advanced Web\Repositories\IMpersonal\incident_management\node_modules\bcrypt
186 info installOne bindings@1.2.1
187 verbose installOne of bindings to C:\Users\Minimasci\My Documents\school 2015 fall\Advanced Web\Repositories\IMpersonal\incident_management\node_modules\bcrypt not in flight; installing
188 info installOne nan@2.0.5
189 verbose installOne of nan to C:\Users\Minimasci\My Documents\school 2015 fall\Advanced Web\Repositories\IMpersonal\incident_management\node_modules\bcrypt not in flight; installing
190 verbose lock using C:\Users\Minimasci\AppData\Roaming\npm-cache\_locks\bindings-9b8640bad6beee55.lock for C:\Users\Minimasci\My Documents\school 2015 fall\Advanced Web\Repositories\IMpersonal\incident_management\node_modules\bcrypt\node_modules\bindings
191 verbose lock using C:\Users\Minimasci\AppData\Roaming\npm-cache\_locks\nan-405ef74fe3aaa3e0.lock for C:\Users\Minimasci\My Documents\school 2015 fall\Advanced Web\Repositories\IMpersonal\incident_management\node_modules\bcrypt\node_modules\nan
192 silly install write writing bindings 1.2.1 to C:\Users\Minimasci\My Documents\school 2015 fall\Advanced Web\Repositories\IMpersonal\incident_management\node_modules\bcrypt\node_modules\bindings
193 silly install write writing nan 2.0.5 to C:\Users\Minimasci\My Documents\school 2015 fall\Advanced Web\Repositories\IMpersonal\incident_management\node_modules\bcrypt\node_modules\nan
194 verbose unbuild node_modules\bcrypt\node_modules\bindings
195 verbose unbuild node_modules\bcrypt\node_modules\nan
196 silly gentlyRm C:\Users\Minimasci\My Documents\school 2015 fall\Advanced Web\Repositories\IMpersonal\incident_management\node_modules\bcrypt\node_modules\bindings is being purged from base C:\Users\Minimasci\My Documents\school 2015 fall\Advanced Web\Repositories\IMpersonal\incident_management
197 verbose gentlyRm don't care about contents; nuking C:\Users\Minimasci\My Documents\school 2015 fall\Advanced Web\Repositories\IMpersonal\incident_management\node_modules\bcrypt\node_modules\bindings
198 verbose tar unpack C:\Users\Minimasci\AppData\Roaming\npm-cache\bindings\1.2.1\package.tgz
199 verbose tar unpacking to C:\Users\Minimasci\My Documents\school 2015 fall\Advanced Web\Repositories\IMpersonal\incident_management\node_modules\bcrypt\node_modules\bindings
200 silly gentlyRm C:\Users\Minimasci\My Documents\school 2015 fall\Advanced Web\Repositories\IMpersonal\incident_management\node_modules\bcrypt\node_modules\bindings is being purged
201 verbose gentlyRm don't care about contents; nuking C:\Users\Minimasci\My Documents\school 2015 fall\Advanced Web\Repositories\IMpersonal\incident_management\node_modules\bcrypt\node_modules\bindings
202 silly gentlyRm C:\Users\Minimasci\My Documents\school 2015 fall\Advanced Web\Repositories\IMpersonal\incident_management\node_modules\bcrypt\node_modules\nan is being purged from base C:\Users\Minimasci\My Documents\school 2015 fall\Advanced Web\Repositories\IMpersonal\incident_management
203 verbose gentlyRm don't care about contents; nuking C:\Users\Minimasci\My Documents\school 2015 fall\Advanced Web\Repositories\IMpersonal\incident_management\node_modules\bcrypt\node_modules\nan
204 silly gunzTarPerm modes [ '777', '666' ]
205 verbose tar unpack C:\Users\Minimasci\AppData\Roaming\npm-cache\nan\2.0.5\package.tgz
206 verbose tar unpacking to C:\Users\Minimasci\My Documents\school 2015 fall\Advanced Web\Repositories\IMpersonal\incident_management\node_modules\bcrypt\node_modules\nan
207 silly gentlyRm C:\Users\Minimasci\My Documents\school 2015 fall\Advanced Web\Repositories\IMpersonal\incident_management\node_modules\bcrypt\node_modules\nan is being purged
208 verbose gentlyRm don't care about contents; nuking C:\Users\Minimasci\My Documents\school 2015 fall\Advanced Web\Repositories\IMpersonal\incident_management\node_modules\bcrypt\node_modules\nan
209 silly gunzTarPerm modes [ '777', '666' ]
210 silly gunzTarPerm extractEntry package.json
211 silly gunzTarPerm modified mode [ 'package.json', 420, 438 ]
212 silly gunzTarPerm extractEntry package.json
213 silly gunzTarPerm modified mode [ 'package.json', 436, 438 ]
214 silly gunzTarPerm extractEntry README.md
215 silly gunzTarPerm modified mode [ 'README.md', 420, 438 ]
216 silly gunzTarPerm extractEntry bindings.js
217 silly gunzTarPerm modified mode [ 'bindings.js', 420, 438 ]
218 silly gunzTarPerm extractEntry README.md
219 silly gunzTarPerm modified mode [ 'README.md', 436, 438 ]
220 silly gunzTarPerm extractEntry include_dirs.js
221 silly gunzTarPerm modified mode [ 'include_dirs.js', 436, 438 ]
222 silly gunzTarPerm extractEntry nan_converters.h
223 silly gunzTarPerm modified mode [ 'nan_converters.h', 436, 438 ]
224 silly gunzTarPerm extractEntry LICENSE.md
225 silly gunzTarPerm modified mode [ 'LICENSE.md', 436, 438 ]
226 silly gunzTarPerm extractEntry .dntrc
227 silly gunzTarPerm modified mode [ '.dntrc', 436, 438 ]
228 silly gunzTarPerm extractEntry appveyor.yml
229 silly gunzTarPerm modified mode [ 'appveyor.yml', 436, 438 ]
230 silly gunzTarPerm extractEntry doc/new.md
231 silly gunzTarPerm modified mode [ 'doc/new.md', 436, 438 ]
232 silly gunzTarPerm extractEntry doc/.build.sh
233 silly gunzTarPerm modified mode [ 'doc/.build.sh', 509, 511 ]
234 verbose write writing to C:\Users\Minimasci\My Documents\school 2015 fall\Advanced Web\Repositories\IMpersonal\incident_management\node_modules\bcrypt\node_modules\bindings\package.json
235 silly gunzTarPerm extractEntry doc/buffers.md
236 silly gunzTarPerm modified mode [ 'doc/buffers.md', 436, 438 ]
237 silly gunzTarPerm extractEntry doc/callback.md
238 silly gunzTarPerm modified mode [ 'doc/callback.md', 436, 438 ]
239 info preinstall bindings@1.2.1
240 verbose readDependencies loading dependencies from C:\Users\Minimasci\My Documents\school 2015 fall\Advanced Web\Repositories\IMpersonal\incident_management\node_modules\bcrypt\node_modules\bindings\package.json
241 silly gunzTarPerm extractEntry doc/converters.md
242 silly gunzTarPerm modified mode [ 'doc/converters.md', 436, 438 ]
243 silly gunzTarPerm extractEntry doc/errors.md
244 silly gunzTarPerm modified mode [ 'doc/errors.md', 436, 438 ]
245 verbose readDependencies loading dependencies from C:\Users\Minimasci\My Documents\school 2015 fall\Advanced Web\Repositories\IMpersonal\incident_management\node_modules\bcrypt\node_modules\bindings\package.json
246 silly install resolved []
247 verbose about to build C:\Users\Minimasci\My Documents\school 2015 fall\Advanced Web\Repositories\IMpersonal\incident_management\node_modules\bcrypt\node_modules\bindings
248 info build C:\Users\Minimasci\My Documents\school 2015 fall\Advanced Web\Repositories\IMpersonal\incident_management\node_modules\bcrypt\node_modules\bindings
249 silly gunzTarPerm extractEntry doc/maybe_types.md
250 silly gunzTarPerm modified mode [ 'doc/maybe_types.md', 436, 438 ]
251 silly gunzTarPerm extractEntry doc/methods.md
252 silly gunzTarPerm modified mode [ 'doc/methods.md', 436, 438 ]
253 info linkStuff bindings@1.2.1
254 silly linkStuff bindings@1.2.1 has C:\Users\Minimasci\My Documents\school 2015 fall\Advanced Web\Repositories\IMpersonal\incident_management\node_modules\bcrypt\node_modules as its parent node_modules
255 silly gunzTarPerm extractEntry doc/asyncworker.md
256 silly gunzTarPerm modified mode [ 'doc/asyncworker.md', 436, 438 ]
257 silly gunzTarPerm extractEntry doc/node_misc.md
258 silly gunzTarPerm modified mode [ 'doc/node_misc.md', 436, 438 ]
259 verbose linkBins bindings@1.2.1
260 verbose linkMans bindings@1.2.1
261 verbose rebuildBundles bindings@1.2.1
262 info install bindings@1.2.1
263 info postinstall bindings@1.2.1
264 silly gunzTarPerm extractEntry doc/persistent.md
265 silly gunzTarPerm modified mode [ 'doc/persistent.md', 436, 438 ]
266 silly gunzTarPerm extractEntry doc/scopes.md
267 silly gunzTarPerm modified mode [ 'doc/scopes.md', 436, 438 ]
268 verbose unlock done using C:\Users\Minimasci\AppData\Roaming\npm-cache\_locks\bindings-9b8640bad6beee55.lock for C:\Users\Minimasci\My Documents\school 2015 fall\Advanced Web\Repositories\IMpersonal\incident_management\node_modules\bcrypt\node_modules\bindings
269 silly gunzTarPerm extractEntry doc/script.md
270 silly gunzTarPerm modified mode [ 'doc/script.md', 436, 438 ]
271 silly gunzTarPerm extractEntry doc/string_bytes.md
272 silly gunzTarPerm modified mode [ 'doc/string_bytes.md', 436, 438 ]
273 silly gunzTarPerm extractEntry doc/v8_internals.md
274 silly gunzTarPerm modified mode [ 'doc/v8_internals.md', 436, 438 ]
275 silly gunzTarPerm extractEntry doc/v8_misc.md
276 silly gunzTarPerm modified mode [ 'doc/v8_misc.md', 436, 438 ]
277 silly gunzTarPerm extractEntry nan.h
278 silly gunzTarPerm modified mode [ 'nan.h', 436, 438 ]
279 silly gunzTarPerm extractEntry nan_callbacks.h
280 silly gunzTarPerm modified mode [ 'nan_callbacks.h', 436, 438 ]
281 silly gunzTarPerm extractEntry nan_callbacks_12_inl.h
282 silly gunzTarPerm modified mode [ 'nan_callbacks_12_inl.h', 436, 438 ]
283 silly gunzTarPerm extractEntry nan_callbacks_pre_12_inl.h
284 silly gunzTarPerm modified mode [ 'nan_callbacks_pre_12_inl.h', 436, 438 ]
285 silly gunzTarPerm extractEntry nan_converters_43_inl.h
286 silly gunzTarPerm modified mode [ 'nan_converters_43_inl.h', 436, 438 ]
287 silly gunzTarPerm extractEntry nan_converters_pre_43_inl.h
288 silly gunzTarPerm modified mode [ 'nan_converters_pre_43_inl.h', 436, 438 ]
289 silly gunzTarPerm extractEntry nan_implementation_12_inl.h
290 silly gunzTarPerm modified mode [ 'nan_implementation_12_inl.h', 436, 438 ]
291 silly gunzTarPerm extractEntry nan_implementation_pre_12_inl.h
292 silly gunzTarPerm modified mode [ 'nan_implementation_pre_12_inl.h', 436, 438 ]
293 silly gunzTarPerm extractEntry nan_maybe_43_inl.h
294 silly gunzTarPerm modified mode [ 'nan_maybe_43_inl.h', 436, 438 ]
295 silly gunzTarPerm extractEntry nan_maybe_pre_43_inl.h
296 silly gunzTarPerm modified mode [ 'nan_maybe_pre_43_inl.h', 436, 438 ]
297 silly gunzTarPerm extractEntry nan_new.h
298 silly gunzTarPerm modified mode [ 'nan_new.h', 436, 438 ]
299 silly gunzTarPerm extractEntry nan_object_wrap.h
300 silly gunzTarPerm modified mode [ 'nan_object_wrap.h', 436, 438 ]
301 silly gunzTarPerm extractEntry nan_persistent_12_inl.h
302 silly gunzTarPerm modified mode [ 'nan_persistent_12_inl.h', 436, 438 ]
303 silly gunzTarPerm extractEntry nan_persistent_pre_12_inl.h
304 silly gunzTarPerm modified mode [ 'nan_persistent_pre_12_inl.h', 436, 438 ]
305 silly gunzTarPerm extractEntry nan_string_bytes.h
306 silly gunzTarPerm modified mode [ 'nan_string_bytes.h', 436, 438 ]
307 silly gunzTarPerm extractEntry nan_weak.h
308 silly gunzTarPerm modified mode [ 'nan_weak.h', 436, 438 ]
309 silly gunzTarPerm extractEntry CHANGELOG.md
310 silly gunzTarPerm modified mode [ 'CHANGELOG.md', 436, 438 ]
311 silly gunzTarPerm extractEntry tools/package.json
312 silly gunzTarPerm modified mode [ 'tools/package.json', 436, 438 ]
313 silly gunzTarPerm extractEntry tools/README.md
314 silly gunzTarPerm modified mode [ 'tools/README.md', 436, 438 ]
315 silly gunzTarPerm extractEntry tools/1to2.js
316 silly gunzTarPerm modified mode [ 'tools/1to2.js', 509, 511 ]
317 verbose write writing to C:\Users\Minimasci\My Documents\school 2015 fall\Advanced Web\Repositories\IMpersonal\incident_management\node_modules\bcrypt\node_modules\nan\package.json
318 info preinstall nan@2.0.5
319 verbose readDependencies loading dependencies from C:\Users\Minimasci\My Documents\school 2015 fall\Advanced Web\Repositories\IMpersonal\incident_management\node_modules\bcrypt\node_modules\nan\package.json
320 verbose readDependencies loading dependencies from C:\Users\Minimasci\My Documents\school 2015 fall\Advanced Web\Repositories\IMpersonal\incident_management\node_modules\bcrypt\node_modules\nan\package.json
321 silly install resolved []
322 verbose about to build C:\Users\Minimasci\My Documents\school 2015 fall\Advanced Web\Repositories\IMpersonal\incident_management\node_modules\bcrypt\node_modules\nan
323 info build C:\Users\Minimasci\My Documents\school 2015 fall\Advanced Web\Repositories\IMpersonal\incident_management\node_modules\bcrypt\node_modules\nan
324 info linkStuff nan@2.0.5
325 silly linkStuff nan@2.0.5 has C:\Users\Minimasci\My Documents\school 2015 fall\Advanced Web\Repositories\IMpersonal\incident_management\node_modules\bcrypt\node_modules as its parent node_modules
326 verbose linkBins nan@2.0.5
327 verbose linkMans nan@2.0.5
328 verbose rebuildBundles nan@2.0.5
329 info install nan@2.0.5
330 info postinstall nan@2.0.5
331 verbose unlock done using C:\Users\Minimasci\AppData\Roaming\npm-cache\_locks\nan-405ef74fe3aaa3e0.lock for C:\Users\Minimasci\My Documents\school 2015 fall\Advanced Web\Repositories\IMpersonal\incident_management\node_modules\bcrypt\node_modules\nan
332 verbose about to build C:\Users\Minimasci\My Documents\school 2015 fall\Advanced Web\Repositories\IMpersonal\incident_management\node_modules\bcrypt
333 info build C:\Users\Minimasci\My Documents\school 2015 fall\Advanced Web\Repositories\IMpersonal\incident_management\node_modules\bcrypt
334 info linkStuff bcrypt@0.8.5
335 silly linkStuff bcrypt@0.8.5 has C:\Users\Minimasci\My Documents\school 2015 fall\Advanced Web\Repositories\IMpersonal\incident_management\node_modules as its parent node_modules
336 verbose linkBins bcrypt@0.8.5
337 verbose linkMans bcrypt@0.8.5
338 verbose rebuildBundles bcrypt@0.8.5
339 verbose rebuildBundles [ 'bindings', 'nan' ]
340 info install bcrypt@0.8.5
341 verbose unsafe-perm in lifecycle true
342 info bcrypt@0.8.5 Failed to exec install script
343 verbose unlock done using C:\Users\Minimasci\AppData\Roaming\npm-cache\_locks\bcrypt-097a264f2b597c60.lock for C:\Users\Minimasci\My Documents\school 2015 fall\Advanced Web\Repositories\IMpersonal\incident_management\node_modules\bcrypt
344 verbose stack Error: bcrypt@0.8.5 install: `node-gyp rebuild`
344 verbose stack Exit status 1
344 verbose stack     at EventEmitter.<anonymous> (C:\Program Files\nodejs\node_modules\npm\lib\utils\lifecycle.js:214:16)
344 verbose stack     at emitTwo (events.js:87:13)
344 verbose stack     at EventEmitter.emit (events.js:172:7)
344 verbose stack     at ChildProcess.<anonymous> (C:\Program Files\nodejs\node_modules\npm\lib\utils\spawn.js:24:14)
344 verbose stack     at emitTwo (events.js:87:13)
344 verbose stack     at ChildProcess.emit (events.js:172:7)
344 verbose stack     at maybeClose (internal/child_process.js:817:16)
344 verbose stack     at Process.ChildProcess._handle.onexit (internal/child_process.js:211:5)
345 verbose pkgid bcrypt@0.8.5
346 verbose cwd C:\Users\Minimasci\My Documents\school 2015 fall\Advanced Web\Repositories\IMpersonal\incident_management
347 error Windows_NT 6.1.7601
348 error argv "C:\\Program Files\\nodejs\\node.exe" "C:\\Program Files\\nodejs\\node_modules\\npm\\bin\\npm-cli.js" "install"
349 error node v4.1.1
350 error npm  v2.14.4
351 error code ELIFECYCLE
352 error bcrypt@0.8.5 install: `node-gyp rebuild`
352 error Exit status 1
353 error Failed at the bcrypt@0.8.5 install script 'node-gyp rebuild'.
353 error This is most likely a problem with the bcrypt package,
353 error not with npm itself.
353 error Tell the author that this fails on your system:
353 error     node-gyp rebuild
353 error You can get their info via:
353 error     npm owner ls bcrypt
353 error There is likely additional logging output above.
354 verbose exit [ 1, true ]
355 verbose unbuild node_modules\bcrypt
356 info preuninstall bcrypt@0.8.5
357 info uninstall bcrypt@0.8.5
358 verbose unbuild rmStuff bcrypt@0.8.5 from C:\Users\Minimasci\My Documents\school 2015 fall\Advanced Web\Repositories\IMpersonal\incident_management\node_modules
359 info postuninstall bcrypt@0.8.5
360 silly gentlyRm C:\Users\Minimasci\My Documents\school 2015 fall\Advanced Web\Repositories\IMpersonal\incident_management\node_modules\bcrypt is being purged from base C:\Users\Minimasci\My Documents\school 2015 fall\Advanced Web\Repositories\IMpersonal\incident_management
361 verbose gentlyRm don't care about contents; nuking C:\Users\Minimasci\My Documents\school 2015 fall\Advanced Web\Repositories\IMpersonal\incident_management\node_modules\bcrypt
362 silly vacuum-fs purging C:\Users\Minimasci\My Documents\school 2015 fall\Advanced Web\Repositories\IMpersonal\incident_management\node_modules\bcrypt
363 silly vacuum-fs quitting because other entries in C:\Users\Minimasci\My Documents\school 2015 fall\Advanced Web\Repositories\IMpersonal\incident_management\node_modules
